# JRE version: OpenJDK Runtime Environment Temurin-21.0.10+7 (21.0.10+7) (build 21.0.10+7-LTS)
# Java VM: OpenJDK 64-Bit Server VM Temurin-21.0.10+7 (21.0.10+7-LTS, mixed mode, sharing, tiered, compressed oops, compressed class ptrs, parallel gc, windows-amd64)
GC Precious Log:
 CardTable entry size: 512
 CPUs: 4 total, 4 available
 Memory: 8067M
 Large Page Support: Disabled
 NUMA Support: Disabled
 Compressed Oops: Enabled (32-bit)
 Alignments: Space 512K, Generation 512K, Heap 2M
 Heap Min Capacity: 100M
 Heap Initial Capacity: 100M
 Heap Max Capacity: 2G
 Pre-touch: Disabled
 Parallel Workers: 4
Heap:
 PSYoungGen      total 15360K, used 8335K [0x00000000d5580000, 0x00000000d6900000, 0x0000000100000000)
  eden space 11776K, 41% used [0x00000000d5580000,0x00000000d5a3be60,0x00000000d6100000)
  from space 3584K, 97% used [0x00000000d6100000,0x00000000d64680d8,0x00000000d6480000)
  to   space 4096K, 0% used [0x00000000d6500000,0x00000000d6500000,0x00000000d6900000)
 ParOldGen       total 1071104K, used 928108K [0x0000000080000000, 0x00000000c1600000, 0x00000000d5580000)
  object space 1071104K, 86% used [0x0000000080000000,0x00000000b8a5b2a0,0x00000000c1600000)
 Metaspace       used 81739K, committed 83584K, reserved 1179648K
  class space    used 8052K, committed 8896K, reserved 1048576K
GC Heap History (20 events):
Event: 2840.076 GC heap before
{Heap before GC invocations=2091 (full 5):
 PSYoungGen      total 12800K, used 11840K [0x00000000d5580000, 0x00000000d6800000, 0x0000000100000000)
  eden space 11776K, 100% used [0x00000000d5580000,0x00000000d6100000,0x00000000d6100000)
  from space 1024K, 6% used [0x00000000d6600000,0x00000000d6610000,0x00000000d6700000)
  to   space 512K, 0% used [0x00000000d6780000,0x00000000d6780000,0x00000000d6800000)
 ParOldGen       total 1071104K, used 908751K [0x0000000080000000, 0x00000000c1600000, 0x00000000d5580000)
  object space 1071104K, 84% used [0x0000000080000000,0x00000000b7773f30,0x00000000c1600000)
 Metaspace       used 81737K, committed 83584K, reserved 1179648K
  class space    used 8052K, committed 8896K, reserved 1048576K
}
Event: 2840.117 GC heap after
{Heap after GC invocations=2091 (full 5):
 PSYoungGen      total 12288K, used 192K [0x00000000d5580000, 0x00000000d6800000, 0x0000000100000000)
  eden space 11776K, 0% used [0x00000000d5580000,0x00000000d5580000,0x00000000d6100000)
  from space 512K, 37% used [0x00000000d6780000,0x00000000d67b0000,0x00000000d6800000)
  to   space 512K, 0% used [0x00000000d6700000,0x00000000d6700000,0x00000000d6780000)
 ParOldGen       total 1071104K, used 908783K [0x0000000080000000, 0x00000000c1600000, 0x00000000d5580000)
  object space 1071104K, 84% used [0x0000000080000000,0x00000000b777bf30,0x00000000c1600000)
 Metaspace       used 81737K, committed 83584K, reserved 1179648K
  class space    used 8052K, committed 8896K, reserved 1048576K
}
Event: 2840.271 GC heap before
{Heap before GC invocations=2092 (full 5):
 PSYoungGen      total 12288K, used 11968K [0x00000000d5580000, 0x00000000d6800000, 0x0000000100000000)
  eden space 11776K, 100% used [0x00000000d5580000,0x00000000d6100000,0x00000000d6100000)
  from space 512K, 37% used [0x00000000d6780000,0x00000000d67b0000,0x00000000d6800000)
  to   space 512K, 0% used [0x00000000d6700000,0x00000000d6700000,0x00000000d6780000)
 ParOldGen       total 1071104K, used 908783K [0x0000000080000000, 0x00000000c1600000, 0x00000000d5580000)
  object space 1071104K, 84% used [0x0000000080000000,0x00000000b777bf30,0x00000000c1600000)
 Metaspace       used 81737K, committed 83584K, reserved 1179648K
  class space    used 8052K, committed 8896K, reserved 1048576K
}
Event: 2840.290 GC heap after
{Heap after GC invocations=2092 (full 5):
 PSYoungGen      total 12288K, used 488K [0x00000000d5580000, 0x00000000d7200000, 0x0000000100000000)
  eden space 11776K, 0% used [0x00000000d5580000,0x00000000d5580000,0x00000000d6100000)
  from space 512K, 95% used [0x00000000d6700000,0x00000000d677a170,0x00000000d6780000)
  to   space 8704K, 0% used [0x00000000d6980000,0x00000000d6980000,0x00000000d7200000)
 ParOldGen       total 1071104K, used 915436K [0x0000000080000000, 0x00000000c1600000, 0x00000000d5580000)
  object space 1071104K, 85% used [0x0000000080000000,0x00000000b7dfb390,0x00000000c1600000)
 Metaspace       used 81737K, committed 83584K, reserved 1179648K
  class space    used 8052K, committed 8896K, reserved 1048576K
}
Event: 2867.023 GC heap before
{Heap before GC invocations=2093 (full 5):
 PSYoungGen      total 12288K, used 12197K [0x00000000d5580000, 0x00000000d7200000, 0x0000000100000000)
  eden space 11776K, 99% used [0x00000000d5580000,0x00000000d60ef680,0x00000000d6100000)
  from space 512K, 95% used [0x00000000d6700000,0x00000000d677a170,0x00000000d6780000)
  to   space 8704K, 0% used [0x00000000d6980000,0x00000000d6980000,0x00000000d7200000)
 ParOldGen       total 1071104K, used 915436K [0x0000000080000000, 0x00000000c1600000, 0x00000000d5580000)
  object space 1071104K, 85% used [0x0000000080000000,0x00000000b7dfb390,0x00000000c1600000)
 Metaspace       used 81739K, committed 83584K, reserved 1179648K
  class space    used 8052K, committed 8896K, reserved 1048576K
}
Event: 2867.440 GC heap after
{Heap after GC invocations=2093 (full 5):
 PSYoungGen      total 12288K, used 192K [0x00000000d5580000, 0x00000000d6a00000, 0x0000000100000000)
  eden space 11776K, 0% used [0x00000000d5580000,0x00000000d5580000,0x00000000d6100000)
  from space 512K, 37% used [0x00000000d6980000,0x00000000d69b0000,0x00000000d6a00000)
  to   space 3072K, 0% used [0x00000000d6400000,0x00000000d6400000,0x00000000d6700000)
 ParOldGen       total 1071104K, used 915516K [0x0000000080000000, 0x00000000c1600000, 0x00000000d5580000)
  object space 1071104K, 85% used [0x0000000080000000,0x00000000b7e0f390,0x00000000c1600000)
 Metaspace       used 81739K, committed 83584K, reserved 1179648K
  class space    used 8052K, committed 8896K, reserved 1048576K
}
Event: 2867.774 GC heap before
{Heap before GC invocations=2094 (full 5):
 PSYoungGen      total 12288K, used 11968K [0x00000000d5580000, 0x00000000d6a00000, 0x0000000100000000)
  eden space 11776K, 100% used [0x00000000d5580000,0x00000000d6100000,0x00000000d6100000)
  from space 512K, 37% used [0x00000000d6980000,0x00000000d69b0000,0x00000000d6a00000)
  to   space 3072K, 0% used [0x00000000d6400000,0x00000000d6400000,0x00000000d6700000)
 ParOldGen       total 1071104K, used 915516K [0x0000000080000000, 0x00000000c1600000, 0x00000000d5580000)
  object space 1071104K, 85% used [0x0000000080000000,0x00000000b7e0f390,0x00000000c1600000)
 Metaspace       used 81739K, committed 83584K, reserved 1179648K
  class space    used 8052K, committed 8896K, reserved 1048576K
}
Event: 2867.821 GC heap after
{Heap after GC invocations=2094 (full 5):
 PSYoungGen      total 14848K, used 3068K [0x00000000d5580000, 0x00000000d6e00000, 0x0000000100000000)
  eden space 11776K, 0% used [0x00000000d5580000,0x00000000d5580000,0x00000000d6100000)
  from space 3072K, 99% used [0x00000000d6400000,0x00000000d66ff2a0,0x00000000d6700000)
  to   space 6656K, 0% used [0x00000000d6780000,0x00000000d6780000,0x00000000d6e00000)
 ParOldGen       total 1071104K, used 917748K [0x0000000080000000, 0x00000000c1600000, 0x00000000d5580000)
  object space 1071104K, 85% used [0x0000000080000000,0x00000000b803d390,0x00000000c1600000)
 Metaspace       used 81739K, committed 83584K, reserved 1179648K
  class space    used 8052K, committed 8896K, reserved 1048576K
}
Event: 2867.889 GC heap before
{Heap before GC invocations=2095 (full 5):
 PSYoungGen      total 14848K, used 14844K [0x00000000d5580000, 0x00000000d6e00000, 0x0000000100000000)
  eden space 11776K, 100% used [0x00000000d5580000,0x00000000d6100000,0x00000000d6100000)
  from space 3072K, 99% used [0x00000000d6400000,0x00000000d66ff2a0,0x00000000d6700000)
  to   space 6656K, 0% used [0x00000000d6780000,0x00000000d6780000,0x00000000d6e00000)
 ParOldGen       total 1071104K, used 917748K [0x0000000080000000, 0x00000000c1600000, 0x00000000d5580000)
  object space 1071104K, 85% used [0x0000000080000000,0x00000000b803d390,0x00000000c1600000)
 Metaspace       used 81739K, committed 83584K, reserved 1179648K
  class space    used 8052K, committed 8896K, reserved 1048576K
}
Event: 2867.900 GC heap after
{Heap after GC invocations=2095 (full 5):
 PSYoungGen      total 14848K, used 2874K [0x00000000d5580000, 0x00000000d6a80000, 0x0000000100000000)
  eden space 11776K, 0% used [0x00000000d5580000,0x00000000d5580000,0x00000000d6100000)
  from space 3072K, 93% used [0x00000000d6780000,0x00000000d6a4ebd8,0x00000000d6a80000)
  to   space 4096K, 0% used [0x00000000d6280000,0x00000000d6280000,0x00000000d6680000)
 ParOldGen       total 1071104K, used 920387K [0x0000000080000000, 0x00000000c1600000, 0x00000000d5580000)
  object space 1071104K, 85% used [0x0000000080000000,0x00000000b82d0ce0,0x00000000c1600000)
 Metaspace       used 81739K, committed 83584K, reserved 1179648K
  class space    used 8052K, committed 8896K, reserved 1048576K
}
Event: 2868.579 GC heap before
{Heap before GC invocations=2096 (full 5):
 PSYoungGen      total 14848K, used 14650K [0x00000000d5580000, 0x00000000d6a80000, 0x0000000100000000)
  eden space 11776K, 100% used [0x00000000d5580000,0x00000000d6100000,0x00000000d6100000)
  from space 3072K, 93% used [0x00000000d6780000,0x00000000d6a4ebd8,0x00000000d6a80000)
  to   space 4096K, 0% used [0x00000000d6280000,0x00000000d6280000,0x00000000d6680000)
 ParOldGen       total 1071104K, used 920387K [0x0000000080000000, 0x00000000c1600000, 0x00000000d5580000)
  object space 1071104K, 85% used [0x0000000080000000,0x00000000b82d0ce0,0x00000000c1600000)
 Metaspace       used 81739K, committed 83584K, reserved 1179648K
  class space    used 8052K, committed 8896K, reserved 1048576K
}
Event: 2868.587 GC heap after
{Heap after GC invocations=2096 (full 5):
 PSYoungGen      total 15872K, used 160K [0x00000000d5580000, 0x00000000d6800000, 0x0000000100000000)
  eden space 11776K, 0% used [0x00000000d5580000,0x00000000d5580000,0x00000000d6100000)
  from space 4096K, 3% used [0x00000000d6280000,0x00000000d62a8000,0x00000000d6680000)
  to   space 1536K, 0% used [0x00000000d6680000,0x00000000d6680000,0x00000000d6800000)
 ParOldGen       total 1071104K, used 923059K [0x0000000080000000, 0x00000000c1600000, 0x00000000d5580000)
  object space 1071104K, 86% used [0x0000000080000000,0x00000000b856cce0,0x00000000c1600000)
 Metaspace       used 81739K, committed 83584K, reserved 1179648K
  class space    used 8052K, committed 8896K, reserved 1048576K
}
Event: 2869.584 GC heap before
{Heap before GC invocations=2097 (full 5):
 PSYoungGen      total 15872K, used 11936K [0x00000000d5580000, 0x00000000d6800000, 0x0000000100000000)
  eden space 11776K, 100% used [0x00000000d5580000,0x00000000d6100000,0x00000000d6100000)
  from space 4096K, 3% used [0x00000000d6280000,0x00000000d62a8000,0x00000000d6680000)
  to   space 1536K, 0% used [0x00000000d6680000,0x00000000d6680000,0x00000000d6800000)
 ParOldGen       total 1071104K, used 923059K [0x0000000080000000, 0x00000000c1600000, 0x00000000d5580000)
  object space 1071104K, 86% used [0x0000000080000000,0x00000000b856cce0,0x00000000c1600000)
 Metaspace       used 81739K, committed 83584K, reserved 1179648K
  class space    used 8052K, committed 8896K, reserved 1048576K
}
Event: 2869.586 GC heap after
{Heap after GC invocations=2097 (full 5):
 PSYoungGen      total 12288K, used 128K [0x00000000d5580000, 0x00000000d6700000, 0x0000000100000000)
  eden space 11776K, 0% used [0x00000000d5580000,0x00000000d5580000,0x00000000d6100000)
  from space 512K, 25% used [0x00000000d6680000,0x00000000d66a0000,0x00000000d6700000)
  to   space 512K, 0% used [0x00000000d6600000,0x00000000d6600000,0x00000000d6680000)
 ParOldGen       total 1071104K, used 923067K [0x0000000080000000, 0x00000000c1600000, 0x00000000d5580000)
  object space 1071104K, 86% used [0x0000000080000000,0x00000000b856ece0,0x00000000c1600000)
 Metaspace       used 81739K, committed 83584K, reserved 1179648K
  class space    used 8052K, committed 8896K, reserved 1048576K
}
Event: 2870.249 GC heap before
{Heap before GC invocations=2098 (full 5):
 PSYoungGen      total 12288K, used 11904K [0x00000000d5580000, 0x00000000d6700000, 0x0000000100000000)
  eden space 11776K, 100% used [0x00000000d5580000,0x00000000d6100000,0x00000000d6100000)
  from space 512K, 25% used [0x00000000d6680000,0x00000000d66a0000,0x00000000d6700000)
  to   space 512K, 0% used [0x00000000d6600000,0x00000000d6600000,0x00000000d6680000)
 ParOldGen       total 1071104K, used 923067K [0x0000000080000000, 0x00000000c1600000, 0x00000000d5580000)
  object space 1071104K, 86% used [0x0000000080000000,0x00000000b856ece0,0x00000000c1600000)
 Metaspace       used 81739K, committed 83584K, reserved 1179648K
  class space    used 8052K, committed 8896K, reserved 1048576K
}
Event: 2870.271 GC heap after
{Heap after GC invocations=2098 (full 5):
 PSYoungGen      total 12288K, used 512K [0x00000000d5580000, 0x00000000d6700000, 0x0000000100000000)
  eden space 11776K, 0% used [0x00000000d5580000,0x00000000d5580000,0x00000000d6100000)
  from space 512K, 100% used [0x00000000d6600000,0x00000000d6680000,0x00000000d6680000)
  to   space 512K, 0% used [0x00000000d6680000,0x00000000d6680000,0x00000000d6700000)
 ParOldGen       total 1071104K, used 923267K [0x0000000080000000, 0x00000000c1600000, 0x00000000d5580000)
  object space 1071104K, 86% used [0x0000000080000000,0x00000000b85a0ce0,0x00000000c1600000)
 Metaspace       used 81739K, committed 83584K, reserved 1179648K
  class space    used 8052K, committed 8896K, reserved 1048576K
}
Event: 2870.766 GC heap before
{Heap before GC invocations=2099 (full 5):
 PSYoungGen      total 12288K, used 12288K [0x00000000d5580000, 0x00000000d6700000, 0x0000000100000000)
  eden space 11776K, 100% used [0x00000000d5580000,0x00000000d6100000,0x00000000d6100000)
  from space 512K, 100% used [0x00000000d6600000,0x00000000d6680000,0x00000000d6680000)
  to   space 512K, 0% used [0x00000000d6680000,0x00000000d6680000,0x00000000d6700000)
 ParOldGen       total 1071104K, used 923267K [0x0000000080000000, 0x00000000c1600000, 0x00000000d5580000)
  object space 1071104K, 86% used [0x0000000080000000,0x00000000b85a0ce0,0x00000000c1600000)
 Metaspace       used 81739K, committed 83584K, reserved 1179648K
  class space    used 8052K, committed 8896K, reserved 1048576K
}
Event: 2870.779 GC heap after
{Heap after GC invocations=2099 (full 5):
 PSYoungGen      total 12288K, used 496K [0x00000000d5580000, 0x00000000d6c00000, 0x0000000100000000)
  eden space 11776K, 0% used [0x00000000d5580000,0x00000000d5580000,0x00000000d6100000)
  from space 512K, 97% used [0x00000000d6680000,0x00000000d66fc2e0,0x00000000d6700000)
  to   space 5632K, 0% used [0x00000000d6100000,0x00000000d6100000,0x00000000d6680000)
 ParOldGen       total 1071104K, used 927595K [0x0000000080000000, 0x00000000c1600000, 0x00000000d5580000)
  object space 1071104K, 86% used [0x0000000080000000,0x00000000b89dafc0,0x00000000c1600000)
 Metaspace       used 81739K, committed 83584K, reserved 1179648K
  class space    used 8052K, committed 8896K, reserved 1048576K
}
Event: 2871.334 GC heap before
{Heap before GC invocations=2100 (full 5):
 PSYoungGen      total 12288K, used 12272K [0x00000000d5580000, 0x00000000d6c00000, 0x0000000100000000)
  eden space 11776K, 100% used [0x00000000d5580000,0x00000000d6100000,0x00000000d6100000)
  from space 512K, 97% used [0x00000000d6680000,0x00000000d66fc2e0,0x00000000d6700000)
  to   space 5632K, 0% used [0x00000000d6100000,0x00000000d6100000,0x00000000d6680000)
 ParOldGen       total 1071104K, used 927595K [0x0000000080000000, 0x00000000c1600000, 0x00000000d5580000)
  object space 1071104K, 86% used [0x0000000080000000,0x00000000b89dafc0,0x00000000c1600000)
 Metaspace       used 81739K, committed 83584K, reserved 1179648K
  class space    used 8052K, committed 8896K, reserved 1048576K
}
Event: 2871.343 GC heap after
{Heap after GC invocations=2100 (full 5):
 PSYoungGen      total 15360K, used 3488K [0x00000000d5580000, 0x00000000d6900000, 0x0000000100000000)
  eden space 11776K, 0% used [0x00000000d5580000,0x00000000d5580000,0x00000000d6100000)
  from space 3584K, 97% used [0x00000000d6100000,0x00000000d64680d8,0x00000000d6480000)
  to   space 4096K, 0% used [0x00000000d6500000,0x00000000d6500000,0x00000000d6900000)
 ParOldGen       total 1071104K, used 928108K [0x0000000080000000, 0x00000000c1600000, 0x00000000d5580000)
  object space 1071104K, 86% used [0x0000000080000000,0x00000000b8a5b2a0,0x00000000c1600000)
 Metaspace       used 81739K, committed 83584K, reserved 1179648K
  class space    used 8052K, committed 8896K, reserved 1048576K
}

