# JRE version: OpenJDK Runtime Environment Temurin-21.0.10+7 (21.0.10+7) (build 21.0.10+7-LTS)
# Java VM: OpenJDK 64-Bit Server VM Temurin-21.0.10+7 (21.0.10+7-LTS, mixed mode, sharing, tiered, compressed oops, compressed class ptrs, parallel gc, windows-amd64)
GC Precious Log:
 CardTable entry size: 512
 CPUs: 4 total, 4 available
 Memory: 8067M
 Large Page Support: Disabled
 NUMA Support: Disabled
 Compressed Oops: Enabled (32-bit)
 Alignments: Space 512K, Generation 512K, Heap 2M
 Heap Min Capacity: 100M
 Heap Initial Capacity: 100M
 Heap Max Capacity: 2G
 Pre-touch: Disabled
 Parallel Workers: 4
Heap:
 PSYoungGen      total 8704K, used 3450K [0x00000000d5580000, 0x00000000d6080000, 0x0000000100000000)
  eden space 6656K, 43% used [0x00000000d5580000,0x00000000d585a8d8,0x00000000d5c00000)
  from space 2048K, 25% used [0x00000000d5c80000,0x00000000d5d04010,0x00000000d5e80000)
  to   space 1024K, 0% used [0x00000000d5f80000,0x00000000d5f80000,0x00000000d6080000)
 ParOldGen       total 1164288K, used 1163778K [0x0000000080000000, 0x00000000c7100000, 0x00000000d5580000)
  object space 1164288K, 99% used [0x0000000080000000,0x00000000c7080ab0,0x00000000c7100000)
 Metaspace       used 94945K, committed 96640K, reserved 1179648K
  class space    used 9373K, committed 10176K, reserved 1048576K
GC Heap History (20 events):
Event: 68429.299 GC heap before
{Heap before GC invocations=5766 (full 9):
 PSYoungGen      total 10240K, used 10198K [0x00000000d5580000, 0x00000000d6300000, 0x0000000100000000)
  eden space 9728K, 99% used [0x00000000d5580000,0x00000000d5efffc8,0x00000000d5f00000)
  from space 512K, 91% used [0x00000000d6100000,0x00000000d6175878,0x00000000d6180000)
  to   space 1024K, 0% used [0x00000000d6200000,0x00000000d6200000,0x00000000d6300000)
 ParOldGen       total 1152512K, used 1152501K [0x0000000080000000, 0x00000000c6580000, 0x00000000d5580000)
  object space 1152512K, 99% used [0x0000000080000000,0x00000000c657d500,0x00000000c6580000)
 Metaspace       used 94930K, committed 96640K, reserved 1179648K
  class space    used 9373K, committed 10176K, reserved 1048576K
}
Event: 68429.302 GC heap after
{Heap after GC invocations=5766 (full 9):
 PSYoungGen      total 10752K, used 736K [0x00000000d5580000, 0x00000000d6300000, 0x0000000100000000)
  eden space 9728K, 0% used [0x00000000d5580000,0x00000000d5580000,0x00000000d5f00000)
  from space 1024K, 71% used [0x00000000d6200000,0x00000000d62b8000,0x00000000d6300000)
  to   space 1024K, 0% used [0x00000000d6100000,0x00000000d6100000,0x00000000d6200000)
 ParOldGen       total 1153024K, used 1152533K [0x0000000080000000, 0x00000000c6600000, 0x00000000d5580000)
  object space 1153024K, 99% used [0x0000000080000000,0x00000000c6585500,0x00000000c6600000)
 Metaspace       used 94930K, committed 96640K, reserved 1179648K
  class space    used 9373K, committed 10176K, reserved 1048576K
}
Event: 68429.356 GC heap before
{Heap before GC invocations=5767 (full 9):
 PSYoungGen      total 10752K, used 10464K [0x00000000d5580000, 0x00000000d6300000, 0x0000000100000000)
  eden space 9728K, 100% used [0x00000000d5580000,0x00000000d5f00000,0x00000000d5f00000)
  from space 1024K, 71% used [0x00000000d6200000,0x00000000d62b8000,0x00000000d6300000)
  to   space 1024K, 0% used [0x00000000d6100000,0x00000000d6100000,0x00000000d6200000)
 ParOldGen       total 1153024K, used 1152533K [0x0000000080000000, 0x00000000c6600000, 0x00000000d5580000)
  object space 1153024K, 99% used [0x0000000080000000,0x00000000c6585500,0x00000000c6600000)
 Metaspace       used 94930K, committed 96640K, reserved 1179648K
  class space    used 9373K, committed 10176K, reserved 1048576K
}
Event: 68429.365 GC heap after
{Heap after GC invocations=5767 (full 9):
 PSYoungGen      total 10752K, used 1008K [0x00000000d5580000, 0x00000000d6600000, 0x0000000100000000)
  eden space 9728K, 0% used [0x00000000d5580000,0x00000000d5580000,0x00000000d5f00000)
  from space 1024K, 98% used [0x00000000d6100000,0x00000000d61fc2e0,0x00000000d6200000)
  to   space 3584K, 0% used [0x00000000d6280000,0x00000000d6280000,0x00000000d6600000)
 ParOldGen       total 1154560K, used 1154525K [0x0000000080000000, 0x00000000c6780000, 0x00000000d5580000)
  object space 1154560K, 99% used [0x0000000080000000,0x00000000c6777500,0x00000000c6780000)
 Metaspace       used 94930K, committed 96640K, reserved 1179648K
  class space    used 9373K, committed 10176K, reserved 1048576K
}
Event: 68429.404 GC heap before
{Heap before GC invocations=5768 (full 9):
 PSYoungGen      total 10752K, used 10736K [0x00000000d5580000, 0x00000000d6600000, 0x0000000100000000)
  eden space 9728K, 100% used [0x00000000d5580000,0x00000000d5f00000,0x00000000d5f00000)
  from space 1024K, 98% used [0x00000000d6100000,0x00000000d61fc2e0,0x00000000d6200000)
  to   space 3584K, 0% used [0x00000000d6280000,0x00000000d6280000,0x00000000d6600000)
 ParOldGen       total 1154560K, used 1154525K [0x0000000080000000, 0x00000000c6780000, 0x00000000d5580000)
  object space 1154560K, 99% used [0x0000000080000000,0x00000000c6777500,0x00000000c6780000)
 Metaspace       used 94930K, committed 96640K, reserved 1179648K
  class space    used 9373K, committed 10176K, reserved 1048576K
}
Event: 68429.414 GC heap after
{Heap after GC invocations=5768 (full 9):
 PSYoungGen      total 10240K, used 3568K [0x00000000d5580000, 0x00000000d6c00000, 0x0000000100000000)
  eden space 6656K, 0% used [0x00000000d5580000,0x00000000d5580000,0x00000000d5c00000)
  from space 3584K, 99% used [0x00000000d6280000,0x00000000d65fc2e0,0x00000000d6600000)
  to   space 6656K, 0% used [0x00000000d5c00000,0x00000000d5c00000,0x00000000d6280000)
 ParOldGen       total 1157120K, used 1156645K [0x0000000080000000, 0x00000000c6a00000, 0x00000000d5580000)
  object space 1157120K, 99% used [0x0000000080000000,0x00000000c69897e0,0x00000000c6a00000)
 Metaspace       used 94930K, committed 96640K, reserved 1179648K
  class space    used 9373K, committed 10176K, reserved 1048576K
}
Event: 68429.453 GC heap before
{Heap before GC invocations=5769 (full 9):
 PSYoungGen      total 10240K, used 10224K [0x00000000d5580000, 0x00000000d6c00000, 0x0000000100000000)
  eden space 6656K, 100% used [0x00000000d5580000,0x00000000d5c00000,0x00000000d5c00000)
  from space 3584K, 99% used [0x00000000d6280000,0x00000000d65fc2e0,0x00000000d6600000)
  to   space 6656K, 0% used [0x00000000d5c00000,0x00000000d5c00000,0x00000000d6280000)
 ParOldGen       total 1157120K, used 1156645K [0x0000000080000000, 0x00000000c6a00000, 0x00000000d5580000)
  object space 1157120K, 99% used [0x0000000080000000,0x00000000c69897e0,0x00000000c6a00000)
 Metaspace       used 94930K, committed 96640K, reserved 1179648K
  class space    used 9373K, committed 10176K, reserved 1048576K
}
Event: 68429.462 GC heap after
{Heap after GC invocations=5769 (full 9):
 PSYoungGen      total 7680K, used 640K [0x00000000d5580000, 0x00000000d6300000, 0x0000000100000000)
  eden space 6656K, 0% used [0x00000000d5580000,0x00000000d5580000,0x00000000d5c00000)
  from space 1024K, 62% used [0x00000000d5c00000,0x00000000d5ca00d8,0x00000000d5d00000)
  to   space 2560K, 0% used [0x00000000d6080000,0x00000000d6080000,0x00000000d6300000)
 ParOldGen       total 1160192K, used 1159917K [0x0000000080000000, 0x00000000c6d00000, 0x00000000d5580000)
  object space 1160192K, 99% used [0x0000000080000000,0x00000000c6cbb7e0,0x00000000c6d00000)
 Metaspace       used 94930K, committed 96640K, reserved 1179648K
  class space    used 9373K, committed 10176K, reserved 1048576K
}
Event: 68443.625 GC heap before
{Heap before GC invocations=5770 (full 9):
 PSYoungGen      total 7680K, used 7296K [0x00000000d5580000, 0x00000000d6300000, 0x0000000100000000)
  eden space 6656K, 100% used [0x00000000d5580000,0x00000000d5c00000,0x00000000d5c00000)
  from space 1024K, 62% used [0x00000000d5c00000,0x00000000d5ca00d8,0x00000000d5d00000)
  to   space 2560K, 0% used [0x00000000d6080000,0x00000000d6080000,0x00000000d6300000)
 ParOldGen       total 1160192K, used 1159917K [0x0000000080000000, 0x00000000c6d00000, 0x00000000d5580000)
  object space 1160192K, 99% used [0x0000000080000000,0x00000000c6cbb7e0,0x00000000c6d00000)
 Metaspace       used 94932K, committed 96640K, reserved 1179648K
  class space    used 9373K, committed 10176K, reserved 1048576K
}
Event: 68443.639 GC heap after
{Heap after GC invocations=5770 (full 9):
 PSYoungGen      total 7168K, used 272K [0x00000000d5580000, 0x00000000d6100000, 0x0000000100000000)
  eden space 6656K, 0% used [0x00000000d5580000,0x00000000d5580000,0x00000000d5c00000)
  from space 512K, 53% used [0x00000000d6080000,0x00000000d60c4030,0x00000000d6100000)
  to   space 1024K, 0% used [0x00000000d5f00000,0x00000000d5f00000,0x00000000d6000000)
 ParOldGen       total 1160704K, used 1160437K [0x0000000080000000, 0x00000000c6d80000, 0x00000000d5580000)
  object space 1160704K, 99% used [0x0000000080000000,0x00000000c6d3d7e0,0x00000000c6d80000)
 Metaspace       used 94932K, committed 96640K, reserved 1179648K
  class space    used 9373K, committed 10176K, reserved 1048576K
}
Event: 68445.321 GC heap before
{Heap before GC invocations=5771 (full 9):
 PSYoungGen      total 7168K, used 6928K [0x00000000d5580000, 0x00000000d6100000, 0x0000000100000000)
  eden space 6656K, 100% used [0x00000000d5580000,0x00000000d5c00000,0x00000000d5c00000)
  from space 512K, 53% used [0x00000000d6080000,0x00000000d60c4030,0x00000000d6100000)
  to   space 1024K, 0% used [0x00000000d5f00000,0x00000000d5f00000,0x00000000d6000000)
 ParOldGen       total 1160704K, used 1160437K [0x0000000080000000, 0x00000000c6d80000, 0x00000000d5580000)
  object space 1160704K, 99% used [0x0000000080000000,0x00000000c6d3d7e0,0x00000000c6d80000)
 Metaspace       used 94933K, committed 96640K, reserved 1179648K
  class space    used 9373K, committed 10176K, reserved 1048576K
}
Event: 68445.331 GC heap after
{Heap after GC invocations=5771 (full 9):
 PSYoungGen      total 7680K, used 898K [0x00000000d5580000, 0x00000000d6100000, 0x0000000100000000)
  eden space 6656K, 0% used [0x00000000d5580000,0x00000000d5580000,0x00000000d5c00000)
  from space 1024K, 87% used [0x00000000d5f00000,0x00000000d5fe0830,0x00000000d6000000)
  to   space 1024K, 0% used [0x00000000d6000000,0x00000000d6000000,0x00000000d6100000)
 ParOldGen       total 1160704K, used 1160598K [0x0000000080000000, 0x00000000c6d80000, 0x00000000d5580000)
  object space 1160704K, 99% used [0x0000000080000000,0x00000000c6d65800,0x00000000c6d80000)
 Metaspace       used 94933K, committed 96640K, reserved 1179648K
  class space    used 9373K, committed 10176K, reserved 1048576K
}
Event: 68446.857 GC heap before
{Heap before GC invocations=5772 (full 9):
 PSYoungGen      total 7680K, used 7554K [0x00000000d5580000, 0x00000000d6100000, 0x0000000100000000)
  eden space 6656K, 100% used [0x00000000d5580000,0x00000000d5c00000,0x00000000d5c00000)
  from space 1024K, 87% used [0x00000000d5f00000,0x00000000d5fe0830,0x00000000d6000000)
  to   space 1024K, 0% used [0x00000000d6000000,0x00000000d6000000,0x00000000d6100000)
 ParOldGen       total 1160704K, used 1160598K [0x0000000080000000, 0x00000000c6d80000, 0x00000000d5580000)
  object space 1160704K, 99% used [0x0000000080000000,0x00000000c6d65800,0x00000000c6d80000)
 Metaspace       used 94933K, committed 96640K, reserved 1179648K
  class space    used 9373K, committed 10176K, reserved 1048576K
}
Event: 68446.934 GC heap after
{Heap after GC invocations=5772 (full 9):
 PSYoungGen      total 7680K, used 848K [0x00000000d5580000, 0x00000000d6100000, 0x0000000100000000)
  eden space 6656K, 0% used [0x00000000d5580000,0x00000000d5580000,0x00000000d5c00000)
  from space 1024K, 82% used [0x00000000d6000000,0x00000000d60d4010,0x00000000d6100000)
  to   space 1024K, 0% used [0x00000000d5f00000,0x00000000d5f00000,0x00000000d6000000)
 ParOldGen       total 1161728K, used 1161384K [0x0000000080000000, 0x00000000c6e80000, 0x00000000d5580000)
  object space 1161728K, 99% used [0x0000000080000000,0x00000000c6e2a040,0x00000000c6e80000)
 Metaspace       used 94933K, committed 96640K, reserved 1179648K
  class space    used 9373K, committed 10176K, reserved 1048576K
}
Event: 68448.304 GC heap before
{Heap before GC invocations=5773 (full 9):
 PSYoungGen      total 7680K, used 7504K [0x00000000d5580000, 0x00000000d6100000, 0x0000000100000000)
  eden space 6656K, 100% used [0x00000000d5580000,0x00000000d5c00000,0x00000000d5c00000)
  from space 1024K, 82% used [0x00000000d6000000,0x00000000d60d4010,0x00000000d6100000)
  to   space 1024K, 0% used [0x00000000d5f00000,0x00000000d5f00000,0x00000000d6000000)
 ParOldGen       total 1161728K, used 1161384K [0x0000000080000000, 0x00000000c6e80000, 0x00000000d5580000)
  object space 1161728K, 99% used [0x0000000080000000,0x00000000c6e2a040,0x00000000c6e80000)
 Metaspace       used 94938K, committed 96640K, reserved 1179648K
  class space    used 9373K, committed 10176K, reserved 1048576K
}
Event: 68448.321 GC heap after
{Heap after GC invocations=5773 (full 9):
 PSYoungGen      total 7680K, used 937K [0x00000000d5580000, 0x00000000d6080000, 0x0000000100000000)
  eden space 6656K, 0% used [0x00000000d5580000,0x00000000d5580000,0x00000000d5c00000)
  from space 1024K, 91% used [0x00000000d5f00000,0x00000000d5fea400,0x00000000d6000000)
  to   space 512K, 0% used [0x00000000d6000000,0x00000000d6000000,0x00000000d6080000)
 ParOldGen       total 1162240K, used 1162136K [0x0000000080000000, 0x00000000c6f00000, 0x00000000d5580000)
  object space 1162240K, 99% used [0x0000000080000000,0x00000000c6ee6060,0x00000000c6f00000)
 Metaspace       used 94938K, committed 96640K, reserved 1179648K
  class space    used 9373K, committed 10176K, reserved 1048576K
}
Event: 68448.371 GC heap before
{Heap before GC invocations=5774 (full 9):
 PSYoungGen      total 7680K, used 7593K [0x00000000d5580000, 0x00000000d6080000, 0x0000000100000000)
  eden space 6656K, 100% used [0x00000000d5580000,0x00000000d5c00000,0x00000000d5c00000)
  from space 1024K, 91% used [0x00000000d5f00000,0x00000000d5fea400,0x00000000d6000000)
  to   space 512K, 0% used [0x00000000d6000000,0x00000000d6000000,0x00000000d6080000)
 ParOldGen       total 1162240K, used 1162136K [0x0000000080000000, 0x00000000c6f00000, 0x00000000d5580000)
  object space 1162240K, 99% used [0x0000000080000000,0x00000000c6ee6060,0x00000000c6f00000)
 Metaspace       used 94938K, committed 96640K, reserved 1179648K
  class space    used 9373K, committed 10176K, reserved 1048576K
}
Event: 68448.378 GC heap after
{Heap after GC invocations=5774 (full 9):
 PSYoungGen      total 7168K, used 512K [0x00000000d5580000, 0x00000000d6080000, 0x0000000100000000)
  eden space 6656K, 0% used [0x00000000d5580000,0x00000000d5580000,0x00000000d5c00000)
  from space 512K, 100% used [0x00000000d6000000,0x00000000d6080000,0x00000000d6080000)
  to   space 2048K, 0% used [0x00000000d5c80000,0x00000000d5c80000,0x00000000d5e80000)
 ParOldGen       total 1163264K, used 1163258K [0x0000000080000000, 0x00000000c7000000, 0x00000000d5580000)
  object space 1163264K, 99% used [0x0000000080000000,0x00000000c6ffeab0,0x00000000c7000000)
 Metaspace       used 94938K, committed 96640K, reserved 1179648K
  class space    used 9373K, committed 10176K, reserved 1048576K
}
Event: 68448.718 GC heap before
{Heap before GC invocations=5775 (full 9):
 PSYoungGen      total 7168K, used 7167K [0x00000000d5580000, 0x00000000d6080000, 0x0000000100000000)
  eden space 6656K, 99% used [0x00000000d5580000,0x00000000d5bffc98,0x00000000d5c00000)
  from space 512K, 100% used [0x00000000d6000000,0x00000000d6080000,0x00000000d6080000)
  to   space 2048K, 0% used [0x00000000d5c80000,0x00000000d5c80000,0x00000000d5e80000)
 ParOldGen       total 1163264K, used 1163258K [0x0000000080000000, 0x00000000c7000000, 0x00000000d5580000)
  object space 1163264K, 99% used [0x0000000080000000,0x00000000c6ffeab0,0x00000000c7000000)
 Metaspace       used 94942K, committed 96640K, reserved 1179648K
  class space    used 9373K, committed 10176K, reserved 1048576K
}
Event: 68448.726 GC heap after
{Heap after GC invocations=5775 (full 9):
 PSYoungGen      total 8704K, used 528K [0x00000000d5580000, 0x00000000d6080000, 0x0000000100000000)
  eden space 6656K, 0% used [0x00000000d5580000,0x00000000d5580000,0x00000000d5c00000)
  from space 2048K, 25% used [0x00000000d5c80000,0x00000000d5d04010,0x00000000d5e80000)
  to   space 1024K, 0% used [0x00000000d5f80000,0x00000000d5f80000,0x00000000d6080000)
 ParOldGen       total 1164288K, used 1163778K [0x0000000080000000, 0x00000000c7100000, 0x00000000d5580000)
  object space 1164288K, 99% used [0x0000000080000000,0x00000000c7080ab0,0x00000000c7100000)
 Metaspace       used 94942K, committed 96640K, reserved 1179648K
  class space    used 9373K, committed 10176K, reserved 1048576K
}

